This file contains any messages produced by compilers while
running configure, to aid debugging if configure makes a mistake.

It was created by NRG5-SU-Base Station configure 0.1, which was
generated by GNU Autoconf 2.69.  Invocation command line was

  $ ./configure 

## --------- ##
## Platform. ##
## --------- ##

hostname = rpi0x01
uname -m = armv7l
uname -r = 4.9.41-v7+
uname -s = Linux
uname -v = #1023 SMP Tue Aug 8 16:00:15 BST 2017

/usr/bin/uname -p = unknown
/bin/uname -X     = unknown

/bin/arch              = unknown
/usr/bin/arch -k       = unknown
/usr/convex/getsysinfo = unknown
/usr/bin/hostinfo      = unknown
/bin/machine           = unknown
/usr/bin/oslevel       = unknown
/bin/universe          = unknown

PATH: /usr/local/sbin
PATH: /usr/local/bin
PATH: /usr/sbin
PATH: /usr/bin
PATH: /sbin
PATH: /bin
PATH: /usr/local/games
PATH: /usr/games


## ----------- ##
## Core tests. ##
## ----------- ##

configure:2259: checking for a BSD-compatible install
configure:2327: result: /usr/bin/install -c
configure:2338: checking whether build environment is sane
configure:2393: result: yes
configure:2544: checking for a thread-safe mkdir -p
configure:2583: result: /bin/mkdir -p
configure:2590: checking for gawk
configure:2606: found /usr/bin/gawk
configure:2617: result: gawk
configure:2628: checking whether make sets $(MAKE)
configure:2650: result: yes
configure:2679: checking whether make supports nested variables
configure:2696: result: yes
configure:2873: checking for gcc
configure:2889: found /usr/bin/gcc
configure:2900: result: gcc
configure:3129: checking for C compiler version
configure:3138: gcc --version >&5
gcc (Raspbian 6.3.0-18+rpi1+deb9u1) 6.3.0 20170516
Copyright (C) 2016 Free Software Foundation, Inc.
This is free software; see the source for copying conditions.  There is NO
warranty; not even for MERCHANTABILITY or FITNESS FOR A PARTICULAR PURPOSE.

configure:3149: $? = 0
configure:3138: gcc -v >&5
Using built-in specs.
COLLECT_GCC=gcc
COLLECT_LTO_WRAPPER=/usr/lib/gcc/arm-linux-gnueabihf/6/lto-wrapper
Target: arm-linux-gnueabihf
Configured with: ../src/configure -v --with-pkgversion='Raspbian 6.3.0-18+rpi1+deb9u1' --with-bugurl=file:///usr/share/doc/gcc-6/README.Bugs --enable-languages=c,ada,c++,java,go,d,fortran,objc,obj-c++ --prefix=/usr --program-suffix=-6 --program-prefix=arm-linux-gnueabihf- --enable-shared --enable-linker-build-id --libexecdir=/usr/lib --without-included-gettext --enable-threads=posix --libdir=/usr/lib --enable-nls --with-sysroot=/ --enable-clocale=gnu --enable-libstdcxx-debug --enable-libstdcxx-time=yes --with-default-libstdcxx-abi=new --enable-gnu-unique-object --disable-libitm --disable-libquadmath --enable-plugin --with-system-zlib --disable-browser-plugin --enable-java-awt=gtk --enable-gtk-cairo --with-java-home=/usr/lib/jvm/java-1.5.0-gcj-6-armhf/jre --enable-java-home --with-jvm-root-dir=/usr/lib/jvm/java-1.5.0-gcj-6-armhf --with-jvm-jar-dir=/usr/lib/jvm-exports/java-1.5.0-gcj-6-armhf --with-arch-directory=arm --with-ecj-jar=/usr/share/java/eclipse-ecj.jar --with-target-system-zlib --enable-objc-gc=auto --enable-multiarch --disable-sjlj-exceptions --with-arch=armv6 --with-fpu=vfp --with-float=hard --enable-checking=release --build=arm-linux-gnueabihf --host=arm-linux-gnueabihf --target=arm-linux-gnueabihf
Thread model: posix
gcc version 6.3.0 20170516 (Raspbian 6.3.0-18+rpi1+deb9u1) 
configure:3149: $? = 0
configure:3138: gcc -V >&5
gcc: error: unrecognized command line option '-V'
gcc: fatal error: no input files
compilation terminated.
configure:3149: $? = 1
configure:3138: gcc -qversion >&5
gcc: error: unrecognized command line option '-qversion'; did you mean '--version'?
gcc: fatal error: no input files
compilation terminated.
configure:3149: $? = 1
configure:3169: checking whether the C compiler works
configure:3191: gcc    conftest.c  >&5
configure:3195: $? = 0
configure:3243: result: yes
configure:3246: checking for C compiler default output file name
configure:3248: result: a.out
configure:3254: checking for suffix of executables
configure:3261: gcc -o conftest    conftest.c  >&5
configure:3265: $? = 0
configure:3287: result: 
configure:3309: checking whether we are cross compiling
configure:3317: gcc -o conftest    conftest.c  >&5
configure:3321: $? = 0
configure:3328: ./conftest
configure:3332: $? = 0
configure:3347: result: no
configure:3352: checking for suffix of object files
configure:3374: gcc -c   conftest.c >&5
configure:3378: $? = 0
configure:3399: result: o
configure:3403: checking whether we are using the GNU C compiler
configure:3422: gcc -c   conftest.c >&5
configure:3422: $? = 0
configure:3431: result: yes
configure:3440: checking whether gcc accepts -g
configure:3460: gcc -c -g  conftest.c >&5
configure:3460: $? = 0
configure:3501: result: yes
configure:3518: checking for gcc option to accept ISO C89
configure:3581: gcc  -c -g -O2  conftest.c >&5
configure:3581: $? = 0
configure:3594: result: none needed
configure:3619: checking whether gcc understands -c and -o together
configure:3641: gcc -c conftest.c -o conftest2.o
configure:3644: $? = 0
configure:3641: gcc -c conftest.c -o conftest2.o
configure:3644: $? = 0
configure:3656: result: yes
configure:3684: checking for style of include used by make
configure:3712: result: GNU
configure:3738: checking dependency style of gcc
configure:3849: result: gcc3
configure:3867: checking for pthread_create in -lpthread
configure:3892: gcc -o conftest -g -O2   conftest.c -lpthread   >&5
configure:3892: $? = 0
configure:3901: result: yes
configure:3912: checking for digitalWrite in -lwiringPi
configure:3937: gcc -o conftest -g -O2   conftest.c -lwiringPi  -lpthread  >&5
configure:3937: $? = 0
configure:3946: result: yes
configure:4000: checking for ranlib
configure:4016: found /usr/bin/ranlib
configure:4027: result: ranlib
configure:4056: checking how to run the C preprocessor
configure:4087: gcc -E  conftest.c
configure:4087: $? = 0
configure:4101: gcc -E  conftest.c
conftest.c:13:28: fatal error: ac_nonexistent.h: No such file or directory
 #include <ac_nonexistent.h>
                            ^
compilation terminated.
configure:4101: $? = 1
configure: failed program was:
| /* confdefs.h */
| #define PACKAGE_NAME "NRG5-SU-Base Station"
| #define PACKAGE_TARNAME "nrg5-su-base-station"
| #define PACKAGE_VERSION "0.1"
| #define PACKAGE_STRING "NRG5-SU-Base Station 0.1"
| #define PACKAGE_BUGREPORT "furong.yang@lip6.fr luca.demori@lip6.fr"
| #define PACKAGE_URL ""
| #define PACKAGE ""
| #define VERSION "0.1"
| #define HAVE_LIBPTHREAD 1
| #define HAVE_LIBWIRINGPI 1
| /* end confdefs.h.  */
| #include <ac_nonexistent.h>
configure:4126: result: gcc -E
configure:4146: gcc -E  conftest.c
configure:4146: $? = 0
configure:4160: gcc -E  conftest.c
conftest.c:13:28: fatal error: ac_nonexistent.h: No such file or directory
 #include <ac_nonexistent.h>
                            ^
compilation terminated.
configure:4160: $? = 1
configure: failed program was:
| /* confdefs.h */
| #define PACKAGE_NAME "NRG5-SU-Base Station"
| #define PACKAGE_TARNAME "nrg5-su-base-station"
| #define PACKAGE_VERSION "0.1"
| #define PACKAGE_STRING "NRG5-SU-Base Station 0.1"
| #define PACKAGE_BUGREPORT "furong.yang@lip6.fr luca.demori@lip6.fr"
| #define PACKAGE_URL ""
| #define PACKAGE ""
| #define VERSION "0.1"
| #define HAVE_LIBPTHREAD 1
| #define HAVE_LIBWIRINGPI 1
| /* end confdefs.h.  */
| #include <ac_nonexistent.h>
configure:4189: checking for grep that handles long lines and -e
configure:4247: result: /bin/grep
configure:4252: checking for egrep
configure:4314: result: /bin/grep -E
configure:4319: checking for ANSI C header files
configure:4339: gcc -c -g -O2  conftest.c >&5
configure:4339: $? = 0
configure:4412: gcc -o conftest -g -O2   conftest.c -lwiringPi -lpthread  >&5
configure:4412: $? = 0
configure:4412: ./conftest
configure:4412: $? = 0
configure:4423: result: yes
configure:4436: checking for sys/types.h
configure:4436: gcc -c -g -O2  conftest.c >&5
configure:4436: $? = 0
configure:4436: result: yes
configure:4436: checking for sys/stat.h
configure:4436: gcc -c -g -O2  conftest.c >&5
configure:4436: $? = 0
configure:4436: result: yes
configure:4436: checking for stdlib.h
configure:4436: gcc -c -g -O2  conftest.c >&5
configure:4436: $? = 0
configure:4436: result: yes
configure:4436: checking for string.h
configure:4436: gcc -c -g -O2  conftest.c >&5
configure:4436: $? = 0
configure:4436: result: yes
configure:4436: checking for memory.h
configure:4436: gcc -c -g -O2  conftest.c >&5
configure:4436: $? = 0
configure:4436: result: yes
configure:4436: checking for strings.h
configure:4436: gcc -c -g -O2  conftest.c >&5
configure:4436: $? = 0
configure:4436: result: yes
configure:4436: checking for inttypes.h
configure:4436: gcc -c -g -O2  conftest.c >&5
configure:4436: $? = 0
configure:4436: result: yes
configure:4436: checking for stdint.h
configure:4436: gcc -c -g -O2  conftest.c >&5
configure:4436: $? = 0
configure:4436: result: yes
configure:4436: checking for unistd.h
configure:4436: gcc -c -g -O2  conftest.c >&5
configure:4436: $? = 0
configure:4436: result: yes
configure:4451: checking arpa/inet.h usability
configure:4451: gcc -c -g -O2  conftest.c >&5
configure:4451: $? = 0
configure:4451: result: yes
configure:4451: checking arpa/inet.h presence
configure:4451: gcc -E  conftest.c
configure:4451: $? = 0
configure:4451: result: yes
configure:4451: checking for arpa/inet.h
configure:4451: result: yes
configure:4451: checking netinet/in.h usability
configure:4451: gcc -c -g -O2  conftest.c >&5
configure:4451: $? = 0
configure:4451: result: yes
configure:4451: checking netinet/in.h presence
configure:4451: gcc -E  conftest.c
configure:4451: $? = 0
configure:4451: result: yes
configure:4451: checking for netinet/in.h
configure:4451: result: yes
configure:4451: checking for stdint.h
configure:4451: result: yes
configure:4451: checking for stdlib.h
configure:4451: result: yes
configure:4451: checking for string.h
configure:4451: result: yes
configure:4451: checking sys/ioctl.h usability
configure:4451: gcc -c -g -O2  conftest.c >&5
configure:4451: $? = 0
configure:4451: result: yes
configure:4451: checking sys/ioctl.h presence
configure:4451: gcc -E  conftest.c
configure:4451: $? = 0
configure:4451: result: yes
configure:4451: checking for sys/ioctl.h
configure:4451: result: yes
configure:4451: checking sys/socket.h usability
configure:4451: gcc -c -g -O2  conftest.c >&5
configure:4451: $? = 0
configure:4451: result: yes
configure:4451: checking sys/socket.h presence
configure:4451: gcc -E  conftest.c
configure:4451: $? = 0
configure:4451: result: yes
configure:4451: checking for sys/socket.h
configure:4451: result: yes
configure:4451: checking sys/time.h usability
configure:4451: gcc -c -g -O2  conftest.c >&5
configure:4451: $? = 0
configure:4451: result: yes
configure:4451: checking sys/time.h presence
configure:4451: gcc -E  conftest.c
configure:4451: $? = 0
configure:4451: result: yes
configure:4451: checking for sys/time.h
configure:4451: result: yes
configure:4451: checking for unistd.h
configure:4451: result: yes
configure:4451: checking signal.h usability
configure:4451: gcc -c -g -O2  conftest.c >&5
configure:4451: $? = 0
configure:4451: result: yes
configure:4451: checking signal.h presence
configure:4451: gcc -E  conftest.c
configure:4451: $? = 0
configure:4451: result: yes
configure:4451: checking for signal.h
configure:4451: result: yes
configure:4451: checking wiringPi.h usability
configure:4451: gcc -c -g -O2  conftest.c >&5
configure:4451: $? = 0
configure:4451: result: yes
configure:4451: checking wiringPi.h presence
configure:4451: gcc -E  conftest.c
configure:4451: $? = 0
configure:4451: result: yes
configure:4451: checking for wiringPi.h
configure:4451: result: yes
configure:4463: checking for inline
configure:4479: gcc -c -g -O2  conftest.c >&5
configure:4479: $? = 0
configure:4487: result: inline
configure:4505: checking for uint16_t
configure:4505: gcc -c -g -O2  conftest.c >&5
configure:4505: $? = 0
configure:4505: result: yes
configure:4517: checking for uint32_t
configure:4517: gcc -c -g -O2  conftest.c >&5
configure:4517: $? = 0
configure:4517: result: yes
configure:4531: checking for uint64_t
configure:4531: gcc -c -g -O2  conftest.c >&5
configure:4531: $? = 0
configure:4531: result: yes
configure:4545: checking for uint8_t
configure:4545: gcc -c -g -O2  conftest.c >&5
configure:4545: $? = 0
configure:4545: result: yes
configure:4563: checking for stdlib.h
configure:4563: result: yes
configure:4573: checking for GNU libc compatible malloc
configure:4597: gcc -o conftest -g -O2   conftest.c -lwiringPi -lpthread  >&5
configure:4597: $? = 0
configure:4597: ./conftest
configure:4597: $? = 0
configure:4607: result: yes
configure:4631: checking for gettimeofday
configure:4631: gcc -o conftest -g -O2   conftest.c -lwiringPi -lpthread  >&5
configure:4631: $? = 0
configure:4631: result: yes
configure:4631: checking for memset
configure:4631: gcc -o conftest -g -O2   conftest.c -lwiringPi -lpthread  >&5
conftest.c:60:6: warning: conflicting types for built-in function 'memset'
 char memset ();
      ^~~~~~
configure:4631: $? = 0
configure:4631: result: yes
configure:4631: checking for select
configure:4631: gcc -o conftest -g -O2   conftest.c -lwiringPi -lpthread  >&5
configure:4631: $? = 0
configure:4631: result: yes
configure:4631: checking for socket
configure:4631: gcc -o conftest -g -O2   conftest.c -lwiringPi -lpthread  >&5
configure:4631: $? = 0
configure:4631: result: yes
configure:4752: checking that generated files are newer than configure
configure:4758: result: done
configure:4781: creating ./config.status

## ---------------------- ##
## Running config.status. ##
## ---------------------- ##

This file was extended by NRG5-SU-Base Station config.status 0.1, which was
generated by GNU Autoconf 2.69.  Invocation command line was

  CONFIG_FILES    = 
  CONFIG_HEADERS  = 
  CONFIG_LINKS    = 
  CONFIG_COMMANDS = 
  $ ./config.status 

on rpi0x01

config.status:876: creating src/bs_lib/Makefile
config.status:876: creating src/test/Makefile
config.status:876: creating src/bs_app/Makefile
config.status:876: creating Makefile
config.status:876: creating config.h
config.status:1057: config.h is unchanged
config.status:1105: executing depfiles commands

## ---------------- ##
## Cache variables. ##
## ---------------- ##

ac_cv_c_compiler_gnu=yes
ac_cv_c_inline=inline
ac_cv_c_uint16_t=yes
ac_cv_c_uint32_t=yes
ac_cv_c_uint64_t=yes
ac_cv_c_uint8_t=yes
ac_cv_env_CC_set=
ac_cv_env_CC_value=
ac_cv_env_CFLAGS_set=
ac_cv_env_CFLAGS_value=
ac_cv_env_CPPFLAGS_set=
ac_cv_env_CPPFLAGS_value=
ac_cv_env_CPP_set=
ac_cv_env_CPP_value=
ac_cv_env_LDFLAGS_set=
ac_cv_env_LDFLAGS_value=
ac_cv_env_LIBS_set=
ac_cv_env_LIBS_value=
ac_cv_env_build_alias_set=
ac_cv_env_build_alias_value=
ac_cv_env_host_alias_set=
ac_cv_env_host_alias_value=
ac_cv_env_target_alias_set=
ac_cv_env_target_alias_value=
ac_cv_func_gettimeofday=yes
ac_cv_func_malloc_0_nonnull=yes
ac_cv_func_memset=yes
ac_cv_func_select=yes
ac_cv_func_socket=yes
ac_cv_header_arpa_inet_h=yes
ac_cv_header_inttypes_h=yes
ac_cv_header_memory_h=yes
ac_cv_header_netinet_in_h=yes
ac_cv_header_signal_h=yes
ac_cv_header_stdc=yes
ac_cv_header_stdint_h=yes
ac_cv_header_stdlib_h=yes
ac_cv_header_string_h=yes
ac_cv_header_strings_h=yes
ac_cv_header_sys_ioctl_h=yes
ac_cv_header_sys_socket_h=yes
ac_cv_header_sys_stat_h=yes
ac_cv_header_sys_time_h=yes
ac_cv_header_sys_types_h=yes
ac_cv_header_unistd_h=yes
ac_cv_header_wiringPi_h=yes
ac_cv_lib_pthread_pthread_create=yes
ac_cv_lib_wiringPi_digitalWrite=yes
ac_cv_objext=o
ac_cv_path_EGREP='/bin/grep -E'
ac_cv_path_GREP=/bin/grep
ac_cv_path_install='/usr/bin/install -c'
ac_cv_path_mkdir=/bin/mkdir
ac_cv_prog_AWK=gawk
ac_cv_prog_CPP='gcc -E'
ac_cv_prog_ac_ct_CC=gcc
ac_cv_prog_ac_ct_RANLIB=ranlib
ac_cv_prog_cc_c89=
ac_cv_prog_cc_g=yes
ac_cv_prog_make_make_set=yes
am_cv_CC_dependencies_compiler_type=gcc3
am_cv_make_support_nested_variables=yes
am_cv_prog_cc_c_o=yes

## ----------------- ##
## Output variables. ##
## ----------------- ##

ACLOCAL='${SHELL} /home/pi/nrg5/nrg-5-sorbonne/bs/missing aclocal-1.15'
AMDEPBACKSLASH='\'
AMDEP_FALSE='#'
AMDEP_TRUE=''
AMTAR='$${TAR-tar}'
AM_BACKSLASH='\'
AM_DEFAULT_V='$(AM_DEFAULT_VERBOSITY)'
AM_DEFAULT_VERBOSITY='1'
AM_V='$(V)'
AUTOCONF='${SHELL} /home/pi/nrg5/nrg-5-sorbonne/bs/missing autoconf'
AUTOHEADER='${SHELL} /home/pi/nrg5/nrg-5-sorbonne/bs/missing autoheader'
AUTOMAKE='${SHELL} /home/pi/nrg5/nrg-5-sorbonne/bs/missing automake-1.15'
AWK='gawk'
CC='gcc'
CCDEPMODE='depmode=gcc3'
CFLAGS='-g -O2'
CPP='gcc -E'
CPPFLAGS=''
CYGPATH_W='echo'
DEFS='-DHAVE_CONFIG_H'
DEPDIR='.deps'
ECHO_C=''
ECHO_N='-n'
ECHO_T=''
EGREP='/bin/grep -E'
EXEEXT=''
GREP='/bin/grep'
INSTALL_DATA='${INSTALL} -m 644'
INSTALL_PROGRAM='${INSTALL}'
INSTALL_SCRIPT='${INSTALL}'
INSTALL_STRIP_PROGRAM='$(install_sh) -c -s'
LDFLAGS=''
LIBOBJS=''
LIBS='-lwiringPi -lpthread '
LTLIBOBJS=''
MAKEINFO='${SHELL} /home/pi/nrg5/nrg-5-sorbonne/bs/missing makeinfo'
MKDIR_P='/bin/mkdir -p'
OBJEXT='o'
PACKAGE=''
PACKAGE_BUGREPORT='furong.yang@lip6.fr luca.demori@lip6.fr'
PACKAGE_NAME='NRG5-SU-Base Station'
PACKAGE_STRING='NRG5-SU-Base Station 0.1'
PACKAGE_TARNAME='nrg5-su-base-station'
PACKAGE_URL=''
PACKAGE_VERSION='0.1'
PATH_SEPARATOR=':'
RANLIB='ranlib'
SET_MAKE=''
SHELL='/bin/bash'
STRIP=''
VERSION='0.1'
ac_ct_CC='gcc'
am__EXEEXT_FALSE=''
am__EXEEXT_TRUE='#'
am__fastdepCC_FALSE='#'
am__fastdepCC_TRUE=''
am__include='include'
am__isrc=''
am__leading_dot='.'
am__nodep='_no'
am__quote=''
am__tar='$${TAR-tar} chof - "$$tardir"'
am__untar='$${TAR-tar} xf -'
bindir='${exec_prefix}/bin'
build_alias=''
datadir='${datarootdir}'
datarootdir='${prefix}/share'
docdir='${datarootdir}/doc/${PACKAGE_TARNAME}'
dvidir='${docdir}'
exec_prefix='${prefix}'
host_alias=''
htmldir='${docdir}'
includedir='${prefix}/include'
infodir='${datarootdir}/info'
install_sh='${SHELL} /home/pi/nrg5/nrg-5-sorbonne/bs/install-sh'
libdir='${exec_prefix}/lib'
libexecdir='${exec_prefix}/libexec'
localedir='${datarootdir}/locale'
localstatedir='${prefix}/var'
mandir='${datarootdir}/man'
mkdir_p='$(MKDIR_P)'
oldincludedir='/usr/include'
pdfdir='${docdir}'
prefix='/usr/local'
program_transform_name='s,x,x,'
psdir='${docdir}'
runstatedir='${localstatedir}/run'
sbindir='${exec_prefix}/sbin'
sharedstatedir='${prefix}/com'
sysconfdir='${prefix}/etc'
target_alias=''

## ----------- ##
## confdefs.h. ##
## ----------- ##

/* confdefs.h */
#define PACKAGE_NAME "NRG5-SU-Base Station"
#define PACKAGE_TARNAME "nrg5-su-base-station"
#define PACKAGE_VERSION "0.1"
#define PACKAGE_STRING "NRG5-SU-Base Station 0.1"
#define PACKAGE_BUGREPORT "furong.yang@lip6.fr luca.demori@lip6.fr"
#define PACKAGE_URL ""
#define PACKAGE ""
#define VERSION "0.1"
#define HAVE_LIBPTHREAD 1
#define HAVE_LIBWIRINGPI 1
#define STDC_HEADERS 1
#define HAVE_SYS_TYPES_H 1
#define HAVE_SYS_STAT_H 1
#define HAVE_STDLIB_H 1
#define HAVE_STRING_H 1
#define HAVE_MEMORY_H 1
#define HAVE_STRINGS_H 1
#define HAVE_INTTYPES_H 1
#define HAVE_STDINT_H 1
#define HAVE_UNISTD_H 1
#define HAVE_ARPA_INET_H 1
#define HAVE_NETINET_IN_H 1
#define HAVE_STDINT_H 1
#define HAVE_STDLIB_H 1
#define HAVE_STRING_H 1
#define HAVE_SYS_IOCTL_H 1
#define HAVE_SYS_SOCKET_H 1
#define HAVE_SYS_TIME_H 1
#define HAVE_UNISTD_H 1
#define HAVE_SIGNAL_H 1
#define HAVE_WIRINGPI_H 1
#define HAVE_STDLIB_H 1
#define HAVE_MALLOC 1
#define HAVE_GETTIMEOFDAY 1
#define HAVE_MEMSET 1
#define HAVE_SELECT 1
#define HAVE_SOCKET 1

configure: exit 0
